2020.06.16 19:26:57 LOG5[ui]: stunnel 5.44 on x86_64-pc-linux-gnu platform
2020.06.16 19:26:57 LOG5[ui]: Compiled with OpenSSL 1.1.0g  2 Nov 2017
2020.06.16 19:26:57 LOG5[ui]: Running  with OpenSSL 1.1.1  11 Sep 2018
2020.06.16 19:26:57 LOG5[ui]: Update OpenSSL shared libraries or rebuild stunnel
2020.06.16 19:26:57 LOG5[ui]: Threading:PTHREAD Sockets:POLL,IPv6,SYSTEMD TLS:ENGINE,FIPS,OCSP,PSK,SNI Auth:LIBWRAP
2020.06.16 19:26:57 LOG5[ui]: Reading configuration from file /home/shivam/Desktop/django/stunnel/dev_https
2020.06.16 19:26:57 LOG5[ui]: UTF-8 byte order mark not detected
2020.06.16 19:26:57 LOG5[ui]: FIPS mode disabled
2020.06.16 19:26:57 LOG4[ui]: Insecure file permissions on stunnel/stunnel.pem
2020.06.16 19:26:57 LOG5[ui]: Configuration successful
2020.06.16 19:27:57 LOG5[cron]: Updating DH parameters
2020.06.16 19:27:59 LOG5[cron]: DH parameters updated
2020.06.16 19:51:56 LOG5[ui]: Reading configuration from file /home/shivam/Desktop/django/stunnel/dev_https
2020.06.16 19:51:56 LOG5[ui]: UTF-8 byte order mark not detected
2020.06.16 19:51:56 LOG5[ui]: FIPS mode disabled
2020.06.16 19:51:56 LOG4[ui]: Insecure file permissions on stunnel/stunnel.pem
2020.06.16 19:51:56 LOG5[ui]: Configuration successful
2020.06.18 00:27:58 LOG5[ui]: Terminated
2020.07.02 12:23:12 LOG5[ui]: stunnel 5.44 on x86_64-pc-linux-gnu platform
2020.07.02 12:23:12 LOG5[ui]: Compiled with OpenSSL 1.1.0g  2 Nov 2017
2020.07.02 12:23:12 LOG5[ui]: Running  with OpenSSL 1.1.1  11 Sep 2018
2020.07.02 12:23:12 LOG5[ui]: Update OpenSSL shared libraries or rebuild stunnel
2020.07.02 12:23:12 LOG5[ui]: Threading:PTHREAD Sockets:POLL,IPv6,SYSTEMD TLS:ENGINE,FIPS,OCSP,PSK,SNI Auth:LIBWRAP
2020.07.02 12:23:12 LOG5[ui]: Reading configuration from file /home/shivam/Desktop/Django_projects/django_test5/stunnel/dev_https
2020.07.02 12:23:12 LOG5[ui]: UTF-8 byte order mark not detected
2020.07.02 12:23:12 LOG5[ui]: FIPS mode disabled
2020.07.02 12:23:12 LOG4[ui]: Insecure file permissions on stunnel/stunnel.pem
2020.07.02 12:23:12 LOG5[ui]: Configuration successful
2020.07.02 12:23:31 LOG3[ui]: Received SIGINT; terminating
2020.07.02 12:23:41 LOG5[ui]: stunnel 5.44 on x86_64-pc-linux-gnu platform
2020.07.02 12:23:41 LOG5[ui]: Compiled with OpenSSL 1.1.0g  2 Nov 2017
2020.07.02 12:23:41 LOG5[ui]: Running  with OpenSSL 1.1.1  11 Sep 2018
2020.07.02 12:23:41 LOG5[ui]: Update OpenSSL shared libraries or rebuild stunnel
2020.07.02 12:23:41 LOG5[ui]: Threading:PTHREAD Sockets:POLL,IPv6,SYSTEMD TLS:ENGINE,FIPS,OCSP,PSK,SNI Auth:LIBWRAP
2020.07.02 12:23:41 LOG5[ui]: Reading configuration from file /home/shivam/Desktop/Django_projects/django_test5/stunnel/dev_https
2020.07.02 12:23:41 LOG5[ui]: UTF-8 byte order mark not detected
2020.07.02 12:23:41 LOG5[ui]: FIPS mode disabled
2020.07.02 12:23:41 LOG4[ui]: Insecure file permissions on stunnel/stunnel.pem
2020.07.02 12:23:41 LOG5[ui]: Configuration successful
2020.07.02 12:24:41 LOG5[cron]: Updating DH parameters
2020.07.02 12:25:38 LOG5[cron]: DH parameters updated
2020.07.02 14:13:46 LOG5[ui]: Reading configuration from file /home/shivam/Desktop/Django_projects/django_test5/stunnel/dev_https
2020.07.02 14:13:46 LOG5[ui]: UTF-8 byte order mark not detected
2020.07.02 14:13:46 LOG5[ui]: FIPS mode disabled
2020.07.02 14:13:46 LOG4[ui]: Insecure file permissions on stunnel/stunnel.pem
2020.07.02 14:13:46 LOG5[ui]: Configuration successful
2020.07.04 11:26:10 LOG5[ui]: stunnel 5.44 on x86_64-pc-linux-gnu platform
2020.07.04 11:26:10 LOG5[ui]: Compiled with OpenSSL 1.1.0g  2 Nov 2017
2020.07.04 11:26:10 LOG5[ui]: Running  with OpenSSL 1.1.1  11 Sep 2018
2020.07.04 11:26:10 LOG5[ui]: Update OpenSSL shared libraries or rebuild stunnel
2020.07.04 11:26:10 LOG5[ui]: Threading:PTHREAD Sockets:POLL,IPv6,SYSTEMD TLS:ENGINE,FIPS,OCSP,PSK,SNI Auth:LIBWRAP
2020.07.04 11:26:10 LOG5[ui]: Reading configuration from file /home/shivam/Desktop/Django_projects/using my database/django_test2/stunnel/dev_https
2020.07.04 11:26:11 LOG5[ui]: UTF-8 byte order mark not detected
2020.07.04 11:26:11 LOG5[ui]: FIPS mode disabled
2020.07.04 11:26:11 LOG4[ui]: Insecure file permissions on stunnel/stunnel.pem
2020.07.04 11:26:11 LOG5[ui]: Configuration successful
2020.07.04 11:27:11 LOG5[cron]: Updating DH parameters
2020.07.04 11:27:12 LOG5[cron]: DH parameters updated
2020.07.04 13:10:21 LOG5[ui]: Reading configuration from file /home/shivam/Desktop/Django_projects/using my database/django_test2/stunnel/dev_https
2020.07.04 13:10:21 LOG5[ui]: UTF-8 byte order mark not detected
2020.07.04 13:10:21 LOG5[ui]: FIPS mode disabled
2020.07.04 13:10:21 LOG4[ui]: Insecure file permissions on stunnel/stunnel.pem
2020.07.04 13:10:21 LOG5[ui]: Configuration successful
2020.07.09 01:52:22 LOG5[ui]: stunnel 5.44 on x86_64-pc-linux-gnu platform
2020.07.09 01:52:22 LOG5[ui]: Compiled with OpenSSL 1.1.0g  2 Nov 2017
2020.07.09 01:52:22 LOG5[ui]: Running  with OpenSSL 1.1.1  11 Sep 2018
2020.07.09 01:52:22 LOG5[ui]: Update OpenSSL shared libraries or rebuild stunnel
2020.07.09 01:52:22 LOG5[ui]: Threading:PTHREAD Sockets:POLL,IPv6,SYSTEMD TLS:ENGINE,FIPS,OCSP,PSK,SNI Auth:LIBWRAP
2020.07.09 01:52:22 LOG5[ui]: Reading configuration from file /home/shivam/Desktop/Django_projects/final_1/stunnel/dev_https
2020.07.09 01:52:22 LOG5[ui]: UTF-8 byte order mark not detected
2020.07.09 01:52:22 LOG5[ui]: FIPS mode disabled
2020.07.09 01:52:22 LOG4[ui]: Insecure file permissions on stunnel/stunnel.pem
2020.07.09 01:52:22 LOG5[ui]: Configuration successful
2020.07.09 01:53:22 LOG5[cron]: Updating DH parameters
2020.07.09 01:54:41 LOG5[cron]: DH parameters updated
2020.07.09 01:55:29 LOG5[ui]: Reading configuration from file /home/shivam/Desktop/Django_projects/final_1/stunnel/dev_https
2020.07.09 01:55:29 LOG5[ui]: UTF-8 byte order mark not detected
2020.07.09 01:55:29 LOG5[ui]: FIPS mode disabled
2020.07.09 01:55:29 LOG4[ui]: Insecure file permissions on stunnel/stunnel.pem
2020.07.09 01:55:29 LOG5[ui]: Configuration successful
2020.07.09 21:29:17 LOG5[ui]: Terminated
2020.07.10 11:51:44 LOG5[ui]: stunnel 5.stunnel4 stunnel/dev_https &
python3 manage.py runserver &
HTTPS=1 python3 manage.py runserver 8001
2020.07.10 11:52:44 LOG5[cron]: Updating DH parameters
2020.07.10 11:52:49 LOG5[cron]: DH parameters updated
2020.07.10 11:56:43 LOG5[ui]: Reading configuration from file /home/shivam/Desktop/Django_projects/final_1/stunnel/dev_https
2020.07.10 11:56:43 LOG5[ui]: UTF-8 byte order mark not detected
2020.07.10 11:56:43 LOG5[ui]: FIPS mode disabled
2020.07.10 11:56:43 LOG4[ui]: Insecure file permissions on stunnel/stunnel.pem
2020.07.10 11:56:43 LOG5[ui]: Configuration successful
